<?xml version="1.0" encoding="UTF-8"?>
<testsuites>
  <testsuite name="Tests\Feature\Auth\EgatAuthenticationTest" file="tests\Feature\Auth\EgatAuthenticationTest.php" tests="9" assertions="45" errors="0" failures="0" skipped="0" time="3.391461">
    <testcase name="สามารถสร้างข้อมูลทดสอบใน CenSus ได้" file="tests\Feature\Auth\EgatAuthenticationTest.php::สามารถสร้างข้อมูลทดสอบใน CenSus ได้" class="Tests\Feature\Auth\EgatAuthenticationTest" classname="Tests.Feature.Auth.EgatAuthenticationTest" assertions="5" time="1.591840"/>
    <testcase name="สามารถเข้าถึงหน้า loginEGAT ได้" file="tests\Feature\Auth\EgatAuthenticationTest.php::สามารถเข้าถึงหน้า loginEGAT ได้" class="Tests\Feature\Auth\EgatAuthenticationTest" classname="Tests.Feature.Auth.EgatAuthenticationTest" assertions="11" time="0.493254"/>
    <testcase name="สามารถสร้างตาราง view_census ใน testing_mmddata ได้" file="tests\Feature\Auth\EgatAuthenticationTest.php::สามารถสร้างตาราง view_census ใน testing_mmddata ได้" class="Tests\Feature\Auth\EgatAuthenticationTest" classname="Tests.Feature.Auth.EgatAuthenticationTest" assertions="2" time="0.107638"/>
    <testcase name="สามารถใช้ CenSus Factory สำหรับสร้างข้อมูลทดสอบได้" file="tests\Feature\Auth\EgatAuthenticationTest.php::สามารถใช้ CenSus Factory สำหรับสร้างข้อมูลทดสอบได้" class="Tests\Feature\Auth\EgatAuthenticationTest" classname="Tests.Feature.Auth.EgatAuthenticationTest" assertions="6" time="0.262209"/>
    <testcase name="CenSus model สามารถทำงานกับ testing_mmddata connection ได้" file="tests\Feature\Auth\EgatAuthenticationTest.php::CenSus model สามารถทำงานกับ testing_mmddata connection ได้" class="Tests\Feature\Auth\EgatAuthenticationTest" classname="Tests.Feature.Auth.EgatAuthenticationTest" assertions="7" time="0.182764"/>
    <testcase name="CenSus model ใช้ connection ที่ถูกต้องตาม environment" file="tests\Feature\Auth\EgatAuthenticationTest.php::CenSus model ใช้ connection ที่ถูกต้องตาม environment" class="Tests\Feature\Auth\EgatAuthenticationTest" classname="Tests.Feature.Auth.EgatAuthenticationTest" assertions="1" time="0.191351"/>
    <testcase name="สามารถค้นหาพนักงานด้วย findByEgatId ได้" file="tests\Feature\Auth\EgatAuthenticationTest.php::สามารถค้นหาพนักงานด้วย findByEgatId ได้" class="Tests\Feature\Auth\EgatAuthenticationTest" classname="Tests.Feature.Auth.EgatAuthenticationTest" assertions="6" time="0.132078"/>
    <testcase name="สามารถสร้างโครงสร้างองค์กรด้วย Factory ได้" file="tests\Feature\Auth\EgatAuthenticationTest.php::สามารถสร้างโครงสร้างองค์กรด้วย Factory ได้" class="Tests\Feature\Auth\EgatAuthenticationTest" classname="Tests.Feature.Auth.EgatAuthenticationTest" assertions="4" time="0.326871"/>
    <testcase name="สามารถเชื่อมต่อ testing_mmddata ได้" file="tests\Feature\Auth\EgatAuthenticationTest.php::สามารถเชื่อมต่อ testing_mmddata ได้" class="Tests\Feature\Auth\EgatAuthenticationTest" classname="Tests.Feature.Auth.EgatAuthenticationTest" assertions="3" time="0.103453"/>
  </testsuite>
</testsuites>
