<?xml version="1.0" encoding="UTF-8"?>
<testsuites>
  <testsuite name="Tests\Feature\Auth\EgatAuthenticationTest" file="tests\Feature\Auth\EgatAuthenticationTest.php" tests="1" assertions="11" errors="0" failures="0" skipped="0" time="5.448805">
    <testcase name="สามารถเข้าถึงหน้า loginEGAT ได้" file="tests\Feature\Auth\EgatAuthenticationTest.php::สามารถเข้าถึงหน้า loginEGAT ได้" class="Tests\Feature\Auth\EgatAuthenticationTest" classname="Tests.Feature.Auth.EgatAuthenticationTest" assertions="11" time="5.448805"/>
  </testsuite>
</testsuites>
