<?xml version="1.0" encoding="UTF-8"?>
<testsuites>
  <testsuite name="Tests\Feature\Auth\EgatAuthenticationTest" file="tests\Feature\Auth\EgatAuthenticationTest.php" tests="11" assertions="76" errors="0" failures="0" skipped="0" time="2.002564">
    <testcase name="การล็อกอิน EGAT ล้มเหลวเมื่อมีข้อผิดพลาดของ SOAP Client" file="tests\Feature\Auth\EgatAuthenticationTest.php::การล็อกอิน EGAT ล้มเหลวเมื่อมีข้อผิดพลาดของ SOAP Client" class="Tests\Feature\Auth\EgatAuthenticationTest" classname="Tests.Feature.Auth.EgatAuthenticationTest" assertions="3" time="1.032410"/>
    <testcase name="สามารถล็อกเอาท์หลังจากล็อกอิน EGAT ได้" file="tests\Feature\Auth\EgatAuthenticationTest.php::สามารถล็อกเอาท์หลังจากล็อกอิน EGAT ได้" class="Tests\Feature\Auth\EgatAuthenticationTest" classname="Tests.Feature.Auth.EgatAuthenticationTest" assertions="4" time="0.086122"/>
    <testcase name="การล็อกอิน EGAT สำเร็จโดยไม่มีข้อมูลใน Census" file="tests\Feature\Auth\EgatAuthenticationTest.php::การล็อกอิน EGAT สำเร็จโดยไม่มีข้อมูลใน Census" class="Tests\Feature\Auth\EgatAuthenticationTest" classname="Tests.Feature.Auth.EgatAuthenticationTest" assertions="8" time="0.094539"/>
    <testcase name="การล็อกอิน EGAT ต้องใช้ข้อมูลที่จำเป็น" file="tests\Feature\Auth\EgatAuthenticationTest.php::การล็อกอิน EGAT ต้องใช้ข้อมูลที่จำเป็น" class="Tests\Feature\Auth\EgatAuthenticationTest" classname="Tests.Feature.Auth.EgatAuthenticationTest" assertions="7" time="0.079074"/>
    <testcase name="สามารถล็อกอิน EGAT กับผู้ใช้ที่มีอยู่แล้ว" file="tests\Feature\Auth\EgatAuthenticationTest.php::สามารถล็อกอิน EGAT กับผู้ใช้ที่มีอยู่แล้ว" class="Tests\Feature\Auth\EgatAuthenticationTest" classname="Tests.Feature.Auth.EgatAuthenticationTest" assertions="7" time="0.100253"/>
    <testcase name="สามารถเชื่อมต่อ testing_mmddata ได้" file="tests\Feature\Auth\EgatAuthenticationTest.php::สามารถเชื่อมต่อ testing_mmddata ได้" class="Tests\Feature\Auth\EgatAuthenticationTest" classname="Tests.Feature.Auth.EgatAuthenticationTest" assertions="2" time="0.078326"/>
    <testcase name="สามารถเข้าถึงหน้า loginEGAT ได้" file="tests\Feature\Auth\EgatAuthenticationTest.php::สามารถเข้าถึงหน้า loginEGAT ได้" class="Tests\Feature\Auth\EgatAuthenticationTest" classname="Tests.Feature.Auth.EgatAuthenticationTest" assertions="10" time="0.147919"/>
    <testcase name="สามารถค้นหาข้อมูล Census ได้" file="tests\Feature\Auth\EgatAuthenticationTest.php::สามารถค้นหาข้อมูล Census ได้" class="Tests\Feature\Auth\EgatAuthenticationTest" classname="Tests.Feature.Auth.EgatAuthenticationTest" assertions="9" time="0.065390"/>
    <testcase name="สามารถล็อกอิน EGAT ได้สำเร็จ" file="tests\Feature\Auth\EgatAuthenticationTest.php::สามารถล็อกอิน EGAT ได้สำเร็จ" class="Tests\Feature\Auth\EgatAuthenticationTest" classname="Tests.Feature.Auth.EgatAuthenticationTest" assertions="9" time="0.070138"/>
    <testcase name="การล็อกอิน EGAT ถูก rate limit เมื่อพยายามล็อกอินผิดหลายครั้ง" file="tests\Feature\Auth\EgatAuthenticationTest.php::การล็อกอิน EGAT ถูก rate limit เมื่อพยายามล็อกอินผิดหลายครั้ง" class="Tests\Feature\Auth\EgatAuthenticationTest" classname="Tests.Feature.Auth.EgatAuthenticationTest" assertions="13" time="0.144352"/>
    <testcase name="การล็อกอิน EGAT ล้มเหลวเมื่อข้อมูลไม่ถูกต้อง" file="tests\Feature\Auth\EgatAuthenticationTest.php::การล็อกอิน EGAT ล้มเหลวเมื่อข้อมูลไม่ถูกต้อง" class="Tests\Feature\Auth\EgatAuthenticationTest" classname="Tests.Feature.Auth.EgatAuthenticationTest" assertions="4" time="0.104040"/>
  </testsuite>
</testsuites>
