<?xml version="1.0" encoding="UTF-8"?>
<testsuites>
  <testsuite name="Tests\Feature\Auth\EgatAuthenticationTest" file="tests\Feature\Auth\EgatAuthenticationTest.php" tests="11" assertions="76" errors="0" failures="1" skipped="0" time="3.050501">
    <testcase name="การล็อกอิน EGAT ถูก rate limit เมื่อพยายามล็อกอินผิดหลายครั้ง" file="tests\Feature\Auth\EgatAuthenticationTest.php::การล็อกอิน EGAT ถูก rate limit เมื่อพยายามล็อกอินผิดหลายครั้ง" class="Tests\Feature\Auth\EgatAuthenticationTest" classname="Tests.Feature.Auth.EgatAuthenticationTest" assertions="13" time="1.616763"/>
    <testcase name="สามารถล็อกอิน EGAT กับผู้ใช้ที่มีอยู่แล้ว" file="tests\Feature\Auth\EgatAuthenticationTest.php::สามารถล็อกอิน EGAT กับผู้ใช้ที่มีอยู่แล้ว" class="Tests\Feature\Auth\EgatAuthenticationTest" classname="Tests.Feature.Auth.EgatAuthenticationTest" assertions="7" time="0.307997">
      <failure type="PHPUnit\Framework\ExpectationFailedException">สามารถล็อกอิน EGAT กับผู้ใช้ที่มีอยู่แล้วExpecting null not to be null .&#13;
at tests\Feature\Auth\EgatAuthenticationTest.php:147</failure>
    </testcase>
    <testcase name="การล็อกอิน EGAT สำเร็จโดยไม่มีข้อมูลใน Census" file="tests\Feature\Auth\EgatAuthenticationTest.php::การล็อกอิน EGAT สำเร็จโดยไม่มีข้อมูลใน Census" class="Tests\Feature\Auth\EgatAuthenticationTest" classname="Tests.Feature.Auth.EgatAuthenticationTest" assertions="8" time="0.155702"/>
    <testcase name="สามารถล็อกอิน EGAT ได้สำเร็จ" file="tests\Feature\Auth\EgatAuthenticationTest.php::สามารถล็อกอิน EGAT ได้สำเร็จ" class="Tests\Feature\Auth\EgatAuthenticationTest" classname="Tests.Feature.Auth.EgatAuthenticationTest" assertions="9" time="0.098091"/>
    <testcase name="สามารถล็อกเอาท์หลังจากล็อกอิน EGAT ได้" file="tests\Feature\Auth\EgatAuthenticationTest.php::สามารถล็อกเอาท์หลังจากล็อกอิน EGAT ได้" class="Tests\Feature\Auth\EgatAuthenticationTest" classname="Tests.Feature.Auth.EgatAuthenticationTest" assertions="4" time="0.091187"/>
    <testcase name="สามารถค้นหาข้อมูล Census ได้" file="tests\Feature\Auth\EgatAuthenticationTest.php::สามารถค้นหาข้อมูล Census ได้" class="Tests\Feature\Auth\EgatAuthenticationTest" classname="Tests.Feature.Auth.EgatAuthenticationTest" assertions="9" time="0.112806"/>
    <testcase name="การล็อกอิน EGAT ล้มเหลวเมื่อมีข้อผิดพลาดของ SOAP Client" file="tests\Feature\Auth\EgatAuthenticationTest.php::การล็อกอิน EGAT ล้มเหลวเมื่อมีข้อผิดพลาดของ SOAP Client" class="Tests\Feature\Auth\EgatAuthenticationTest" classname="Tests.Feature.Auth.EgatAuthenticationTest" assertions="3" time="0.141001"/>
    <testcase name="การล็อกอิน EGAT ต้องใช้ข้อมูลที่จำเป็น" file="tests\Feature\Auth\EgatAuthenticationTest.php::การล็อกอิน EGAT ต้องใช้ข้อมูลที่จำเป็น" class="Tests\Feature\Auth\EgatAuthenticationTest" classname="Tests.Feature.Auth.EgatAuthenticationTest" assertions="7" time="0.154264"/>
    <testcase name="การล็อกอิน EGAT ล้มเหลวเมื่อข้อมูลไม่ถูกต้อง" file="tests\Feature\Auth\EgatAuthenticationTest.php::การล็อกอิน EGAT ล้มเหลวเมื่อข้อมูลไม่ถูกต้อง" class="Tests\Feature\Auth\EgatAuthenticationTest" classname="Tests.Feature.Auth.EgatAuthenticationTest" assertions="4" time="0.141111"/>
    <testcase name="สามารถเข้าถึงหน้า loginEGAT ได้" file="tests\Feature\Auth\EgatAuthenticationTest.php::สามารถเข้าถึงหน้า loginEGAT ได้" class="Tests\Feature\Auth\EgatAuthenticationTest" classname="Tests.Feature.Auth.EgatAuthenticationTest" assertions="10" time="0.159711"/>
    <testcase name="สามารถเชื่อมต่อ testing_mmddata ได้" file="tests\Feature\Auth\EgatAuthenticationTest.php::สามารถเชื่อมต่อ testing_mmddata ได้" class="Tests\Feature\Auth\EgatAuthenticationTest" classname="Tests.Feature.Auth.EgatAuthenticationTest" assertions="2" time="0.071868"/>
  </testsuite>
</testsuites>
